<?xml version="1.0" encoding="UTF-8" ?>
<testsuite tests="6" failures="0" name="com.tek.test.WordBreakTest" time="0.049" errors="0" skipped="0">
  <properties>
    <property name="java.runtime.name" value="Java(TM) SE Runtime Environment"/>
    <property name="sun.boot.library.path" value="E:\OpenSource\jdk1.8.0_45\jre\bin"/>
    <property name="java.vm.version" value="25.45-b02"/>
    <property name="java.vm.vendor" value="Oracle Corporation"/>
    <property name="maven.multiModuleProjectDirectory" value="G:\java\IdeaProjects4\wordBreak"/>
    <property name="java.vendor.url" value="http://java.oracle.com/"/>
    <property name="path.separator" value=";"/>
    <property name="guice.disable.misplaced.annotation.check" value="true"/>
    <property name="java.vm.name" value="Java HotSpot(TM) 64-Bit Server VM"/>
    <property name="file.encoding.pkg" value="sun.io"/>
    <property name="user.script" value=""/>
    <property name="user.country" value="CN"/>
    <property name="sun.java.launcher" value="SUN_STANDARD"/>
    <property name="sun.os.patch.level" value=""/>
    <property name="java.vm.specification.name" value="Java Virtual Machine Specification"/>
    <property name="user.dir" value="G:\java\IdeaProjects4\wordBreak"/>
    <property name="java.runtime.version" value="1.8.0_45-b15"/>
    <property name="java.awt.graphicsenv" value="sun.awt.Win32GraphicsEnvironment"/>
    <property name="java.endorsed.dirs" value="E:\OpenSource\jdk1.8.0_45\jre\lib\endorsed"/>
    <property name="os.arch" value="amd64"/>
    <property name="java.io.tmpdir" value="C:\Users\86176\AppData\Local\Temp\"/>
    <property name="line.separator" value="
"/>
    <property name="java.vm.specification.vendor" value="Oracle Corporation"/>
    <property name="user.variant" value=""/>
    <property name="os.name" value="Windows 8.1"/>
    <property name="maven.ext.class.path" value="E:\OpenSource\JetBrains\IntelliJ IDEA 2019.2.4\plugins\maven\lib\maven-event-listener.jar"/>
    <property name="classworlds.conf" value="E:\OpenSource\apache-maven-3.5.3\bin\m2.conf"/>
    <property name="sun.jnu.encoding" value="GBK"/>
    <property name="java.library.path" value="E:\OpenSource\jdk1.8.0_45\bin;C:\WINDOWS\Sun\Java\bin;C:\WINDOWS\system32;C:\WINDOWS;C:\Windows\system32;C:\Windows;C:\Windows\System32\Wbem;C:\Windows\System32\WindowsPowerShell\v1.0\;C:\Windows\System32\OpenSSH\;C:\Program Files (x86)\NVIDIA Corporation\PhysX\Common;C:\Program Files\NVIDIA Corporation\NVIDIA NvDLISR;E:\SoftwareInstall\git\Git\cmd;C:\WINDOWS\system32;C:\WINDOWS;C:\WINDOWS\System32\Wbem;C:\WINDOWS\System32\WindowsPowerShell\v1.0\;C:\WINDOWS\System32\OpenSSH\;D:\java\java资料\API\api&amp;docs;;C:\Program Files (x86)\Common Files\Thunder Network\KanKan\Codecs;E:\OpenSource\redis\;C:\Program Files\TortoiseSVN\bin;C:\Program Files\TortoiseGit\bin;E:\OpenSource\jdk1.8.0_45\bin;E:\OpenSource\apache-maven-3.5.3\bin;C:\Users\86176\AppData\Local\Microsoft\WindowsApps;C:\Users\86176\AppData\Local\BypassRuntm;C:\Program Files\MySQL\MySQL Server 5.6\bin;;."/>
    <property name="maven.conf" value="E:\OpenSource\apache-maven-3.5.3/conf"/>
    <property name="java.specification.name" value="Java Platform API Specification"/>
    <property name="java.class.version" value="52.0"/>
    <property name="sun.management.compiler" value="HotSpot 64-Bit Tiered Compilers"/>
    <property name="os.version" value="6.3"/>
    <property name="user.home" value="C:\Users\86176"/>
    <property name="user.timezone" value="Asia/Shanghai"/>
    <property name="java.awt.printerjob" value="sun.awt.windows.WPrinterJob"/>
    <property name="java.specification.version" value="1.8"/>
    <property name="file.encoding" value="UTF-8"/>
    <property name="idea.version2019.2.4" value="true"/>
    <property name="user.name" value="Dora-Xu"/>
    <property name="java.class.path" value="E:\OpenSource\apache-maven-3.5.3\boot\plexus-classworlds-2.5.2.jar;E:\OpenSource\JetBrains\IntelliJ IDEA 2019.2.4\lib\idea_rt.jar"/>
    <property name="java.vm.specification.version" value="1.8"/>
    <property name="sun.arch.data.model" value="64"/>
    <property name="java.home" value="E:\OpenSource\jdk1.8.0_45\jre"/>
    <property name="sun.java.command" value="org.codehaus.classworlds.Launcher -Didea.version2019.2.4 package"/>
    <property name="java.specification.vendor" value="Oracle Corporation"/>
    <property name="user.language" value="zh"/>
    <property name="awt.toolkit" value="sun.awt.windows.WToolkit"/>
    <property name="java.vm.info" value="mixed mode"/>
    <property name="java.version" value="1.8.0_45"/>
    <property name="java.ext.dirs" value="E:\OpenSource\jdk1.8.0_45\jre\lib\ext;C:\WINDOWS\Sun\Java\lib\ext"/>
    <property name="sun.boot.class.path" value="E:\OpenSource\jdk1.8.0_45\jre\lib\resources.jar;E:\OpenSource\jdk1.8.0_45\jre\lib\rt.jar;E:\OpenSource\jdk1.8.0_45\jre\lib\sunrsasign.jar;E:\OpenSource\jdk1.8.0_45\jre\lib\jsse.jar;E:\OpenSource\jdk1.8.0_45\jre\lib\jce.jar;E:\OpenSource\jdk1.8.0_45\jre\lib\charsets.jar;E:\OpenSource\jdk1.8.0_45\jre\lib\jfr.jar;E:\OpenSource\jdk1.8.0_45\jre\classes"/>
    <property name="java.vendor" value="Oracle Corporation"/>
    <property name="maven.home" value="E:\OpenSource\apache-maven-3.5.3"/>
    <property name="file.separator" value="\"/>
    <property name="java.vendor.url.bug" value="http://bugreport.sun.com/bugreport/"/>
    <property name="sun.cpu.endian" value="little"/>
    <property name="sun.io.unicode.encoding" value="UnicodeLittle"/>
    <property name="sun.desktop" value="windows"/>
    <property name="sun.cpu.isalist" value="amd64"/>
  </properties>
  <testcase classname="com.tek.test.WordBreakTest" name="testOne" time="0.044"/>
  <testcase classname="com.tek.test.WordBreakTest" name="testSix" time="0.002"/>
  <testcase classname="com.tek.test.WordBreakTest" name="testTwo" time="0.001"/>
  <testcase classname="com.tek.test.WordBreakTest" name="testThere" time="0.002"/>
  <testcase classname="com.tek.test.WordBreakTest" name="testFive" time="0"/>
  <testcase classname="com.tek.test.WordBreakTest" name="testfour" time="0"/>
</testsuite>